CRITICAL - 2023-11-10 07:37:37 --> Undefined variable $product
in APPPATH\Views\product.php on line 21.
 1 APPPATH\Views\product.php(21): CodeIgniter\Debug\Exceptions->errorHandler(2, 'Undefined variable $product', 'C:\\xampp\\htdocs\\backend\\app\\Views\\product.php', 21)
 2 SYSTEMPATH\View\View.php(226): include('C:\\xampp\\htdocs\\backend\\app\\Views\\product.php')
 3 SYSTEMPATH\View\View.php(229): CodeIgniter\View\View->CodeIgniter\View\{closure}()
 4 SYSTEMPATH\Common.php(1188): CodeIgniter\View\View->render('product', [], true)
 5 APPPATH\Controllers\ProductController.php(96): view('product', [...])
 6 SYSTEMPATH\CodeIgniter.php(919): App\Controllers\ProductController->readProduct()
 7 SYSTEMPATH\CodeIgniter.php(494): CodeIgniter\CodeIgniter->runController(Object(App\Controllers\ProductController))
 8 SYSTEMPATH\CodeIgniter.php(353): CodeIgniter\CodeIgniter->handleRequest(null, Object(Config\Cache), false)
 9 FCPATH\index.php(79): CodeIgniter\CodeIgniter->run()
10 SYSTEMPATH\Commands\Server\rewrite.php(47): require_once('C:\\xampp\\htdocs\\backend\\public\\index.php')
CRITICAL - 2023-11-10 07:38:00 --> Undefined variable $product
in APPPATH\Views\product.php on line 21.
 1 APPPATH\Views\product.php(21): CodeIgniter\Debug\Exceptions->errorHandler(2, 'Undefined variable $product', 'C:\\xampp\\htdocs\\backend\\app\\Views\\product.php', 21)
 2 SYSTEMPATH\View\View.php(226): include('C:\\xampp\\htdocs\\backend\\app\\Views\\product.php')
 3 SYSTEMPATH\View\View.php(229): CodeIgniter\View\View->CodeIgniter\View\{closure}()
 4 SYSTEMPATH\Common.php(1188): CodeIgniter\View\View->render('product', [], true)
 5 APPPATH\Controllers\ProductController.php(96): view('product', [...])
 6 SYSTEMPATH\CodeIgniter.php(919): App\Controllers\ProductController->readProduct()
 7 SYSTEMPATH\CodeIgniter.php(494): CodeIgniter\CodeIgniter->runController(Object(App\Controllers\ProductController))
 8 SYSTEMPATH\CodeIgniter.php(353): CodeIgniter\CodeIgniter->handleRequest(null, Object(Config\Cache), false)
 9 FCPATH\index.php(79): CodeIgniter\CodeIgniter->run()
10 SYSTEMPATH\Commands\Server\rewrite.php(47): require_once('C:\\xampp\\htdocs\\backend\\public\\index.php')
CRITICAL - 2023-11-10 07:38:03 --> Undefined variable $product
in APPPATH\Views\product.php on line 21.
 1 APPPATH\Views\product.php(21): CodeIgniter\Debug\Exceptions->errorHandler(2, 'Undefined variable $product', 'C:\\xampp\\htdocs\\backend\\app\\Views\\product.php', 21)
 2 SYSTEMPATH\View\View.php(226): include('C:\\xampp\\htdocs\\backend\\app\\Views\\product.php')
 3 SYSTEMPATH\View\View.php(229): CodeIgniter\View\View->CodeIgniter\View\{closure}()
 4 SYSTEMPATH\Common.php(1188): CodeIgniter\View\View->render('product', [], true)
 5 APPPATH\Controllers\ProductController.php(96): view('product', [...])
 6 SYSTEMPATH\CodeIgniter.php(919): App\Controllers\ProductController->readProduct()
 7 SYSTEMPATH\CodeIgniter.php(494): CodeIgniter\CodeIgniter->runController(Object(App\Controllers\ProductController))
 8 SYSTEMPATH\CodeIgniter.php(353): CodeIgniter\CodeIgniter->handleRequest(null, Object(Config\Cache), false)
 9 FCPATH\index.php(79): CodeIgniter\CodeIgniter->run()
10 SYSTEMPATH\Commands\Server\rewrite.php(47): require_once('C:\\xampp\\htdocs\\backend\\public\\index.php')
CRITICAL - 2023-11-10 07:38:04 --> Undefined variable $product
in APPPATH\Views\product.php on line 21.
 1 APPPATH\Views\product.php(21): CodeIgniter\Debug\Exceptions->errorHandler(2, 'Undefined variable $product', 'C:\\xampp\\htdocs\\backend\\app\\Views\\product.php', 21)
 2 SYSTEMPATH\View\View.php(226): include('C:\\xampp\\htdocs\\backend\\app\\Views\\product.php')
 3 SYSTEMPATH\View\View.php(229): CodeIgniter\View\View->CodeIgniter\View\{closure}()
 4 SYSTEMPATH\Common.php(1188): CodeIgniter\View\View->render('product', [], true)
 5 APPPATH\Controllers\ProductController.php(96): view('product', [...])
 6 SYSTEMPATH\CodeIgniter.php(919): App\Controllers\ProductController->readProduct()
 7 SYSTEMPATH\CodeIgniter.php(494): CodeIgniter\CodeIgniter->runController(Object(App\Controllers\ProductController))
 8 SYSTEMPATH\CodeIgniter.php(353): CodeIgniter\CodeIgniter->handleRequest(null, Object(Config\Cache), false)
 9 FCPATH\index.php(79): CodeIgniter\CodeIgniter->run()
10 SYSTEMPATH\Commands\Server\rewrite.php(47): require_once('C:\\xampp\\htdocs\\backend\\public\\index.php')
CRITICAL - 2023-11-10 07:38:26 --> Undefined variable $product
in APPPATH\Views\product.php on line 21.
 1 APPPATH\Views\product.php(21): CodeIgniter\Debug\Exceptions->errorHandler(2, 'Undefined variable $product', 'C:\\xampp\\htdocs\\backend\\app\\Views\\product.php', 21)
 2 SYSTEMPATH\View\View.php(226): include('C:\\xampp\\htdocs\\backend\\app\\Views\\product.php')
 3 SYSTEMPATH\View\View.php(229): CodeIgniter\View\View->CodeIgniter\View\{closure}()
 4 SYSTEMPATH\Common.php(1188): CodeIgniter\View\View->render('product', [], true)
 5 APPPATH\Controllers\ProductController.php(96): view('product', [...])
 6 SYSTEMPATH\CodeIgniter.php(919): App\Controllers\ProductController->readProduct()
 7 SYSTEMPATH\CodeIgniter.php(494): CodeIgniter\CodeIgniter->runController(Object(App\Controllers\ProductController))
 8 SYSTEMPATH\CodeIgniter.php(353): CodeIgniter\CodeIgniter->handleRequest(null, Object(Config\Cache), false)
 9 FCPATH\index.php(79): CodeIgniter\CodeIgniter->run()
10 SYSTEMPATH\Commands\Server\rewrite.php(47): require_once('C:\\xampp\\htdocs\\backend\\public\\index.php')
